<?xml version="1.0" encoding="UTF-8"?>
<coverage generated="1676575770941" clover="3.2.0">
  <project timestamp="1676575770941" name="All files">
    <metrics statements="159" coveredstatements="97" conditionals="58" coveredconditionals="27" methods="41" coveredmethods="23" elements="258" coveredelements="147" complexity="0" loc="159" ncloc="159" packages="13" files="14" classes="14"/>
    <package name="src">
      <metrics statements="4" coveredstatements="4" conditionals="0" coveredconditionals="0" methods="0" coveredmethods="0"/>
      <file name="index.js" path="/Users/jenniferyacoubian/turing_work/4mod/discoverit/DiscoverIt-2208-FE/src/index.js">
        <metrics statements="4" coveredstatements="4" conditionals="0" coveredconditionals="0" methods="0" coveredmethods="0"/>
        <line num="9" count="56" type="stmt"/>
        <line num="14" count="56" type="stmt"/>
        <line num="15" count="56" type="stmt"/>
        <line num="24" count="56" type="stmt"/>
      </file>
      <file name="setupTests.js" path="/Users/jenniferyacoubian/turing_work/4mod/discoverit/DiscoverIt-2208-FE/src/setupTests.js">
        <metrics statements="0" coveredstatements="0" conditionals="0" coveredconditionals="0" methods="0" coveredmethods="0"/>
      </file>
    </package>
    <package name="src.Components">
      <metrics statements="5" coveredstatements="5" conditionals="0" coveredconditionals="0" methods="0" coveredmethods="0"/>
      <file name="Queries.js" path="/Users/jenniferyacoubian/turing_work/4mod/discoverit/DiscoverIt-2208-FE/src/Components/Queries.js">
        <metrics statements="5" coveredstatements="5" conditionals="0" coveredconditionals="0" methods="0" coveredmethods="0"/>
        <line num="3" count="56" type="stmt"/>
        <line num="15" count="56" type="stmt"/>
        <line num="44" count="56" type="stmt"/>
        <line num="67" count="56" type="stmt"/>
        <line num="86" count="56" type="stmt"/>
      </file>
    </package>
    <package name="src.Components.App">
      <metrics statements="3" coveredstatements="3" conditionals="0" coveredconditionals="0" methods="1" coveredmethods="1"/>
      <file name="App.js" path="/Users/jenniferyacoubian/turing_work/4mod/discoverit/DiscoverIt-2208-FE/src/Components/App/App.js">
        <metrics statements="3" coveredstatements="3" conditionals="0" coveredconditionals="0" methods="1" coveredmethods="1"/>
        <line num="12" count="56" type="stmt"/>
        <line num="13" count="180" type="stmt"/>
        <line num="15" count="180" type="stmt"/>
      </file>
    </package>
    <package name="src.Components.BadURL">
      <metrics statements="2" coveredstatements="1" conditionals="0" coveredconditionals="0" methods="1" coveredmethods="0"/>
      <file name="BadURL.js" path="/Users/jenniferyacoubian/turing_work/4mod/discoverit/DiscoverIt-2208-FE/src/Components/BadURL/BadURL.js">
        <metrics statements="2" coveredstatements="1" conditionals="0" coveredconditionals="0" methods="1" coveredmethods="0"/>
        <line num="5" count="56" type="stmt"/>
        <line num="6" count="0" type="stmt"/>
      </file>
    </package>
    <package name="src.Components.Dashboard">
      <metrics statements="54" coveredstatements="20" conditionals="22" coveredconditionals="9" methods="13" coveredmethods="3"/>
      <file name="Dashboard.js" path="/Users/jenniferyacoubian/turing_work/4mod/discoverit/DiscoverIt-2208-FE/src/Components/Dashboard/Dashboard.js">
        <metrics statements="54" coveredstatements="20" conditionals="22" coveredconditionals="9" methods="13" coveredmethods="3"/>
        <line num="8" count="56" type="stmt"/>
        <line num="9" count="76" type="stmt"/>
        <line num="10" count="76" type="stmt"/>
        <line num="11" count="76" type="stmt"/>
        <line num="12" count="76" type="stmt"/>
        <line num="13" count="76" type="stmt"/>
        <line num="14" count="76" type="stmt"/>
        <line num="15" count="76" type="stmt"/>
        <line num="16" count="76" type="stmt"/>
        <line num="18" count="76" type="stmt"/>
        <line num="19" count="144" type="stmt"/>
        <line num="28" count="144" type="cond" truecount="2" falsecount="0"/>
        <line num="29" count="68" type="stmt"/>
        <line num="31" count="76" type="cond" truecount="1" falsecount="1"/>
        <line num="32" count="0" type="stmt"/>
        <line num="35" count="76" type="stmt"/>
        <line num="36" count="456" type="stmt"/>
        <line num="44" count="76" type="stmt"/>
        <line num="47" count="76" type="stmt"/>
        <line num="48" count="0" type="cond" truecount="0" falsecount="2"/>
        <line num="49" count="0" type="stmt"/>
        <line num="51" count="0" type="stmt"/>
        <line num="55" count="76" type="stmt"/>
        <line num="56" count="0" type="stmt"/>
        <line num="57" count="0" type="stmt"/>
        <line num="58" count="0" type="stmt"/>
        <line num="59" count="0" type="stmt"/>
        <line num="60" count="0" type="stmt"/>
        <line num="63" count="76" type="stmt"/>
        <line num="72" count="0" type="stmt"/>
        <line num="73" count="0" type="stmt"/>
        <line num="74" count="0" type="stmt"/>
        <line num="83" count="0" type="stmt"/>
        <line num="84" count="0" type="stmt"/>
        <line num="85" count="0" type="stmt"/>
        <line num="94" count="0" type="stmt"/>
        <line num="95" count="0" type="stmt"/>
        <line num="96" count="0" type="stmt"/>
        <line num="105" count="0" type="stmt"/>
        <line num="106" count="0" type="stmt"/>
        <line num="107" count="0" type="stmt"/>
        <line num="116" count="0" type="stmt"/>
        <line num="117" count="0" type="stmt"/>
        <line num="118" count="0" type="stmt"/>
        <line num="127" count="0" type="stmt"/>
        <line num="128" count="0" type="cond" truecount="0" falsecount="2"/>
        <line num="129" count="0" type="stmt"/>
        <line num="130" count="0" type="stmt"/>
        <line num="132" count="0" type="stmt"/>
        <line num="144" count="0" type="cond" truecount="0" falsecount="2"/>
        <line num="145" count="0" type="stmt"/>
        <line num="146" count="0" type="stmt"/>
        <line num="155" count="0" type="stmt"/>
        <line num="156" count="0" type="stmt"/>
      </file>
    </package>
    <package name="src.Components.NavBar">
      <metrics statements="2" coveredstatements="2" conditionals="0" coveredconditionals="0" methods="1" coveredmethods="1"/>
      <file name="NavBar.js" path="/Users/jenniferyacoubian/turing_work/4mod/discoverit/DiscoverIt-2208-FE/src/Components/NavBar/NavBar.js">
        <metrics statements="2" coveredstatements="2" conditionals="0" coveredconditionals="0" methods="1" coveredmethods="1"/>
        <line num="5" count="56" type="stmt"/>
        <line num="6" count="124" type="stmt"/>
      </file>
    </package>
    <package name="src.Components.PlaceCard">
      <metrics statements="2" coveredstatements="2" conditionals="0" coveredconditionals="0" methods="1" coveredmethods="1"/>
      <file name="PlaceCard.js" path="/Users/jenniferyacoubian/turing_work/4mod/discoverit/DiscoverIt-2208-FE/src/Components/PlaceCard/PlaceCard.js">
        <metrics statements="2" coveredstatements="2" conditionals="0" coveredconditionals="0" methods="1" coveredmethods="1"/>
        <line num="6" count="56" type="stmt"/>
        <line num="7" count="456" type="stmt"/>
      </file>
    </package>
    <package name="src.Components.PlaceDetails">
      <metrics statements="20" coveredstatements="20" conditionals="12" coveredconditionals="9" methods="4" coveredmethods="4"/>
      <file name="PlaceDetails.js" path="/Users/jenniferyacoubian/turing_work/4mod/discoverit/DiscoverIt-2208-FE/src/Components/PlaceDetails/PlaceDetails.js">
        <metrics statements="20" coveredstatements="20" conditionals="12" coveredconditionals="9" methods="4" coveredmethods="4"/>
        <line num="10" count="56" type="stmt"/>
        <line num="11" count="32" type="stmt"/>
        <line num="13" count="32" type="stmt"/>
        <line num="14" count="64" type="stmt"/>
        <line num="19" count="64" type="cond" truecount="2" falsecount="0"/>
        <line num="20" count="32" type="cond" truecount="1" falsecount="1"/>
        <line num="23" count="32" type="cond" truecount="1" falsecount="1"/>
        <line num="32" count="32" type="stmt"/>
        <line num="33" count="32" type="stmt"/>
        <line num="34" count="32" type="stmt"/>
        <line num="35" count="32" type="stmt"/>
        <line num="55" count="32" type="stmt"/>
        <line num="56" count="44" type="stmt"/>
        <line num="73" count="44" type="cond" truecount="2" falsecount="0"/>
        <line num="74" count="44" type="cond" truecount="1" falsecount="1"/>
        <line num="75" count="44" type="cond" truecount="2" falsecount="0"/>
        <line num="77" count="44" type="stmt"/>
        <line num="81" count="4" type="stmt"/>
        <line num="82" count="4" type="stmt"/>
        <line num="90" count="32" type="stmt"/>
      </file>
    </package>
    <package name="src.Components.SavedDetails">
      <metrics statements="15" coveredstatements="1" conditionals="10" coveredconditionals="0" methods="4" coveredmethods="0"/>
      <file name="SavedDetails.js" path="/Users/jenniferyacoubian/turing_work/4mod/discoverit/DiscoverIt-2208-FE/src/Components/SavedDetails/SavedDetails.js">
        <metrics statements="15" coveredstatements="1" conditionals="10" coveredconditionals="0" methods="4" coveredmethods="0"/>
        <line num="10" count="56" type="stmt"/>
        <line num="11" count="0" type="stmt"/>
        <line num="13" count="0" type="stmt"/>
        <line num="14" count="0" type="stmt"/>
        <line num="19" count="0" type="cond" truecount="0" falsecount="2"/>
        <line num="20" count="0" type="cond" truecount="0" falsecount="2"/>
        <line num="23" count="0" type="cond" truecount="0" falsecount="2"/>
        <line num="33" count="0" type="stmt"/>
        <line num="53" count="0" type="stmt"/>
        <line num="54" count="0" type="stmt"/>
        <line num="65" count="0" type="cond" truecount="0" falsecount="2"/>
        <line num="66" count="0" type="cond" truecount="0" falsecount="2"/>
        <line num="68" count="0" type="stmt"/>
        <line num="73" count="0" type="stmt"/>
        <line num="82" count="0" type="stmt"/>
      </file>
    </package>
    <package name="src.Components.SavedPlaces">
      <metrics statements="18" coveredstatements="5" conditionals="6" coveredconditionals="1" methods="5" coveredmethods="2"/>
      <file name="SavedPlaces.js" path="/Users/jenniferyacoubian/turing_work/4mod/discoverit/DiscoverIt-2208-FE/src/Components/SavedPlaces/SavedPlaces.js">
        <metrics statements="18" coveredstatements="5" conditionals="6" coveredconditionals="1" methods="5" coveredmethods="2"/>
        <line num="9" count="56" type="stmt"/>
        <line num="10" count="16" type="stmt"/>
        <line num="11" count="16" type="stmt"/>
        <line num="13" count="16" type="cond" truecount="1" falsecount="1"/>
        <line num="14" count="0" type="cond" truecount="0" falsecount="2"/>
        <line num="16" count="0" type="stmt"/>
        <line num="17" count="0" type="cond" truecount="0" falsecount="2"/>
        <line num="18" count="0" type="stmt"/>
        <line num="20" count="0" type="stmt"/>
        <line num="21" count="0" type="stmt"/>
        <line num="24" count="0" type="stmt"/>
        <line num="25" count="0" type="stmt"/>
        <line num="26" count="0" type="stmt"/>
        <line num="27" count="0" type="stmt"/>
        <line num="28" count="0" type="stmt"/>
        <line num="41" count="0" type="stmt"/>
        <line num="48" count="0" type="stmt"/>
        <line num="50" count="16" type="stmt"/>
      </file>
    </package>
    <package name="src.Components.SearchBar">
      <metrics statements="28" coveredstatements="28" conditionals="6" coveredconditionals="6" methods="9" coveredmethods="9"/>
      <file name="SearchBar.js" path="/Users/jenniferyacoubian/turing_work/4mod/discoverit/DiscoverIt-2208-FE/src/Components/SearchBar/SearchBar.js">
        <metrics statements="28" coveredstatements="28" conditionals="6" coveredconditionals="6" methods="9" coveredmethods="9"/>
        <line num="4" count="56" type="stmt"/>
        <line num="5" count="872" type="stmt"/>
        <line num="6" count="872" type="stmt"/>
        <line num="7" count="872" type="stmt"/>
        <line num="9" count="872" type="stmt"/>
        <line num="10" count="250" type="stmt"/>
        <line num="11" count="250" type="cond" truecount="2" falsecount="0"/>
        <line num="12" count="116" type="stmt"/>
        <line num="15" count="116" type="stmt"/>
        <line num="18" count="116" type="stmt"/>
        <line num="20" count="36" type="stmt"/>
        <line num="22" count="80" type="stmt"/>
        <line num="26" count="250" type="stmt"/>
        <line num="27" count="250" type="cond" truecount="2" falsecount="0"/>
        <line num="28" count="134" type="stmt"/>
        <line num="30" count="250" type="cond" truecount="2" falsecount="0"/>
        <line num="31" count="38" type="stmt"/>
        <line num="35" count="872" type="stmt"/>
        <line num="36" count="232" type="stmt"/>
        <line num="37" count="232" type="stmt"/>
        <line num="40" count="872" type="stmt"/>
        <line num="41" count="34" type="stmt"/>
        <line num="42" count="34" type="stmt"/>
        <line num="43" count="34" type="stmt"/>
        <line num="44" count="34" type="stmt"/>
        <line num="47" count="872" type="stmt"/>
        <line num="48" count="720" type="stmt"/>
        <line num="55" count="872" type="stmt"/>
      </file>
    </package>
    <package name="src.Components.SearchPage">
      <metrics statements="4" coveredstatements="4" conditionals="2" coveredconditionals="2" methods="1" coveredmethods="1"/>
      <file name="SearchPage.js" path="/Users/jenniferyacoubian/turing_work/4mod/discoverit/DiscoverIt-2208-FE/src/Components/SearchPage/SearchPage.js">
        <metrics statements="4" coveredstatements="4" conditionals="2" coveredconditionals="2" methods="1" coveredmethods="1"/>
        <line num="7" count="56" type="stmt"/>
        <line num="8" count="168" type="stmt"/>
        <line num="10" count="168" type="cond" truecount="2" falsecount="0"/>
        <line num="16" count="168" type="stmt"/>
      </file>
    </package>
    <package name="src.Components.SplashPage">
      <metrics statements="2" coveredstatements="2" conditionals="0" coveredconditionals="0" methods="1" coveredmethods="1"/>
      <file name="SplashPage.js" path="/Users/jenniferyacoubian/turing_work/4mod/discoverit/DiscoverIt-2208-FE/src/Components/SplashPage/SplashPage.js">
        <metrics statements="2" coveredstatements="2" conditionals="0" coveredconditionals="0" methods="1" coveredmethods="1"/>
        <line num="7" count="56" type="stmt"/>
        <line num="8" count="16" type="stmt"/>
      </file>
    </package>
  </project>
</coverage>
