{"/Users/jenniferyacoubian/turing_work/4mod/discoverit/DiscoverIt-2208-FE/src/index.js": {"path":"/Users/jenniferyacoubian/turing_work/4mod/discoverit/DiscoverIt-2208-FE/src/index.js","statementMap":{"0":{"start":{"line":9,"column":15},"end":{"line":12,"column":2}},"1":{"start":{"line":14,"column":13},"end":{"line":14,"column":65}},"2":{"start":{"line":15,"column":0},"end":{"line":23,"column":2}},"3":{"start":{"line":24,"column":0},"end":{"line":24,"column":18}}},"fnMap":{},"branchMap":{},"s":{"0":56,"1":56,"2":56,"3":56},"f":{},"b":{},"_coverageSchema":"1a1c01bbd47fc00a2c39e90264f33305004495a9","hash":"af0ace7cff8ab2ae036d0cebea25c84228f566b6"}
,"/Users/jenniferyacoubian/turing_work/4mod/discoverit/DiscoverIt-2208-FE/src/setupTests.js": {"path":"/Users/jenniferyacoubian/turing_work/4mod/discoverit/DiscoverIt-2208-FE/src/setupTests.js","statementMap":{},"fnMap":{},"branchMap":{},"s":{},"f":{},"b":{}}
,"/Users/jenniferyacoubian/turing_work/4mod/discoverit/DiscoverIt-2208-FE/src/Components/Queries.js": {"path":"/Users/jenniferyacoubian/turing_work/4mod/discoverit/DiscoverIt-2208-FE/src/Components/Queries.js","statementMap":{"0":{"start":{"line":3,"column":24},"end":{"line":13,"column":1}},"1":{"start":{"line":15,"column":36},"end":{"line":42,"column":1}},"2":{"start":{"line":44,"column":28},"end":{"line":65,"column":1}},"3":{"start":{"line":67,"column":35},"end":{"line":84,"column":1}},"4":{"start":{"line":86,"column":36},"end":{"line":92,"column":1}}},"fnMap":{},"branchMap":{},"s":{"0":56,"1":56,"2":56,"3":56,"4":56},"f":{},"b":{},"_coverageSchema":"1a1c01bbd47fc00a2c39e90264f33305004495a9","hash":"169d132b28d4b43893a9281de15b1e247f4d35e3"}
,"/Users/jenniferyacoubian/turing_work/4mod/discoverit/DiscoverIt-2208-FE/src/Components/App/App.js": {"path":"/Users/jenniferyacoubian/turing_work/4mod/discoverit/DiscoverIt-2208-FE/src/Components/App/App.js","statementMap":{"0":{"start":{"line":12,"column":12},"end":{"line":44,"column":1}},"1":{"start":{"line":13,"column":26},"end":{"line":13,"column":38}},"2":{"start":{"line":15,"column":2},"end":{"line":43,"column":4}}},"fnMap":{"0":{"name":"(anonymous_0)","decl":{"start":{"line":12,"column":12},"end":{"line":12,"column":13}},"loc":{"start":{"line":12,"column":18},"end":{"line":44,"column":1}},"line":12}},"branchMap":{},"s":{"0":56,"1":180,"2":180},"f":{"0":180},"b":{},"_coverageSchema":"1a1c01bbd47fc00a2c39e90264f33305004495a9","hash":"d9527d1db4aa2aec6109e489407e8cde8fc6bfe1"}
,"/Users/jenniferyacoubian/turing_work/4mod/discoverit/DiscoverIt-2208-FE/src/Components/BadURL/BadURL.js": {"path":"/Users/jenniferyacoubian/turing_work/4mod/discoverit/DiscoverIt-2208-FE/src/Components/BadURL/BadURL.js","statementMap":{"0":{"start":{"line":5,"column":15},"end":{"line":12,"column":1}},"1":{"start":{"line":6,"column":4},"end":{"line":11,"column":5}}},"fnMap":{"0":{"name":"(anonymous_0)","decl":{"start":{"line":5,"column":15},"end":{"line":5,"column":16}},"loc":{"start":{"line":5,"column":21},"end":{"line":12,"column":1}},"line":5}},"branchMap":{},"s":{"0":56,"1":0},"f":{"0":0},"b":{},"_coverageSchema":"1a1c01bbd47fc00a2c39e90264f33305004495a9","hash":"56ffd34a00365a57834c5fe143e58b92ae7caec4"}
,"/Users/jenniferyacoubian/turing_work/4mod/discoverit/DiscoverIt-2208-FE/src/Components/Dashboard/Dashboard.js": {"path":"/Users/jenniferyacoubian/turing_work/4mod/discoverit/DiscoverIt-2208-FE/src/Components/Dashboard/Dashboard.js","statementMap":{"0":{"start":{"line":8,"column":18},"end":{"line":164,"column":1}},"1":{"start":{"line":9,"column":38},"end":{"line":9,"column":70}},"2":{"start":{"line":10,"column":54},"end":{"line":10,"column":69}},"3":{"start":{"line":11,"column":60},"end":{"line":11,"column":75}},"4":{"start":{"line":12,"column":48},"end":{"line":12,"column":63}},"5":{"start":{"line":13,"column":41},"end":{"line":13,"column":56}},"6":{"start":{"line":14,"column":48},"end":{"line":14,"column":62}},"7":{"start":{"line":15,"column":60},"end":{"line":15,"column":75}},"8":{"start":{"line":16,"column":40},"end":{"line":16,"column":51}},"9":{"start":{"line":18,"column":24},"end":{"line":45,"column":3}},"10":{"start":{"line":19,"column":37},"end":{"line":26,"column":6}},"11":{"start":{"line":28,"column":4},"end":{"line":30,"column":5}},"12":{"start":{"line":29,"column":6},"end":{"line":29,"column":49}},"13":{"start":{"line":31,"column":4},"end":{"line":33,"column":5}},"14":{"start":{"line":32,"column":6},"end":{"line":32,"column":61}},"15":{"start":{"line":35,"column":22},"end":{"line":43,"column":6}},"16":{"start":{"line":36,"column":6},"end":{"line":42,"column":8}},"17":{"start":{"line":44,"column":4},"end":{"line":44,"column":61}},"18":{"start":{"line":47,"column":25},"end":{"line":53,"column":3}},"19":{"start":{"line":48,"column":4},"end":{"line":52,"column":5}},"20":{"start":{"line":49,"column":6},"end":{"line":49,"column":52}},"21":{"start":{"line":51,"column":6},"end":{"line":51,"column":38}},"22":{"start":{"line":55,"column":24},"end":{"line":61,"column":3}},"23":{"start":{"line":56,"column":4},"end":{"line":56,"column":33}},"24":{"start":{"line":57,"column":4},"end":{"line":57,"column":36}},"25":{"start":{"line":58,"column":4},"end":{"line":58,"column":30}},"26":{"start":{"line":59,"column":4},"end":{"line":59,"column":27}},"27":{"start":{"line":60,"column":4},"end":{"line":60,"column":30}},"28":{"start":{"line":63,"column":2},"end":{"line":163,"column":4}},"29":{"start":{"line":72,"column":12},"end":{"line":72,"column":30}},"30":{"start":{"line":73,"column":12},"end":{"line":73,"column":28}},"31":{"start":{"line":74,"column":12},"end":{"line":74,"column":40}},"32":{"start":{"line":83,"column":12},"end":{"line":83,"column":30}},"33":{"start":{"line":84,"column":12},"end":{"line":84,"column":28}},"34":{"start":{"line":85,"column":12},"end":{"line":85,"column":43}},"35":{"start":{"line":94,"column":12},"end":{"line":94,"column":30}},"36":{"start":{"line":95,"column":12},"end":{"line":95,"column":28}},"37":{"start":{"line":96,"column":12},"end":{"line":96,"column":37}},"38":{"start":{"line":105,"column":12},"end":{"line":105,"column":30}},"39":{"start":{"line":106,"column":12},"end":{"line":106,"column":28}},"40":{"start":{"line":107,"column":12},"end":{"line":107,"column":34}},"41":{"start":{"line":116,"column":12},"end":{"line":116,"column":30}},"42":{"start":{"line":117,"column":12},"end":{"line":117,"column":28}},"43":{"start":{"line":118,"column":12},"end":{"line":118,"column":37}},"44":{"start":{"line":127,"column":12},"end":{"line":127,"column":61}},"45":{"start":{"line":128,"column":12},"end":{"line":133,"column":13}},"46":{"start":{"line":129,"column":14},"end":{"line":129,"column":45}},"47":{"start":{"line":130,"column":14},"end":{"line":130,"column":59}},"48":{"start":{"line":132,"column":14},"end":{"line":132,"column":45}},"49":{"start":{"line":144,"column":12},"end":{"line":147,"column":13}},"50":{"start":{"line":145,"column":33},"end":{"line":145,"column":48}},"51":{"start":{"line":146,"column":14},"end":{"line":146,"column":41}},"52":{"start":{"line":155,"column":31},"end":{"line":155,"column":46}},"53":{"start":{"line":156,"column":12},"end":{"line":156,"column":39}}},"fnMap":{"0":{"name":"(anonymous_0)","decl":{"start":{"line":8,"column":18},"end":{"line":8,"column":19}},"loc":{"start":{"line":8,"column":32},"end":{"line":164,"column":1}},"line":8},"1":{"name":"(anonymous_1)","decl":{"start":{"line":18,"column":24},"end":{"line":18,"column":25}},"loc":{"start":{"line":18,"column":30},"end":{"line":45,"column":3}},"line":18},"2":{"name":"(anonymous_2)","decl":{"start":{"line":35,"column":38},"end":{"line":35,"column":39}},"loc":{"start":{"line":35,"column":49},"end":{"line":43,"column":5}},"line":35},"3":{"name":"(anonymous_3)","decl":{"start":{"line":47,"column":25},"end":{"line":47,"column":26}},"loc":{"start":{"line":47,"column":32},"end":{"line":53,"column":3}},"line":47},"4":{"name":"(anonymous_4)","decl":{"start":{"line":55,"column":24},"end":{"line":55,"column":25}},"loc":{"start":{"line":55,"column":30},"end":{"line":61,"column":3}},"line":55},"5":{"name":"(anonymous_5)","decl":{"start":{"line":71,"column":19},"end":{"line":71,"column":20}},"loc":{"start":{"line":71,"column":26},"end":{"line":75,"column":11}},"line":71},"6":{"name":"(anonymous_6)","decl":{"start":{"line":82,"column":19},"end":{"line":82,"column":20}},"loc":{"start":{"line":82,"column":26},"end":{"line":86,"column":11}},"line":82},"7":{"name":"(anonymous_7)","decl":{"start":{"line":93,"column":19},"end":{"line":93,"column":20}},"loc":{"start":{"line":93,"column":26},"end":{"line":97,"column":11}},"line":93},"8":{"name":"(anonymous_8)","decl":{"start":{"line":104,"column":19},"end":{"line":104,"column":20}},"loc":{"start":{"line":104,"column":26},"end":{"line":108,"column":11}},"line":104},"9":{"name":"(anonymous_9)","decl":{"start":{"line":115,"column":19},"end":{"line":115,"column":20}},"loc":{"start":{"line":115,"column":26},"end":{"line":119,"column":11}},"line":115},"10":{"name":"(anonymous_10)","decl":{"start":{"line":126,"column":19},"end":{"line":126,"column":20}},"loc":{"start":{"line":126,"column":26},"end":{"line":134,"column":11}},"line":126},"11":{"name":"(anonymous_11)","decl":{"start":{"line":143,"column":19},"end":{"line":143,"column":20}},"loc":{"start":{"line":143,"column":25},"end":{"line":148,"column":11}},"line":143},"12":{"name":"(anonymous_12)","decl":{"start":{"line":154,"column":19},"end":{"line":154,"column":20}},"loc":{"start":{"line":154,"column":25},"end":{"line":157,"column":11}},"line":154}},"branchMap":{"0":{"loc":{"start":{"line":28,"column":4},"end":{"line":30,"column":5}},"type":"if","locations":[{"start":{"line":28,"column":4},"end":{"line":30,"column":5}},{"start":{"line":28,"column":4},"end":{"line":30,"column":5}}],"line":28},"1":{"loc":{"start":{"line":31,"column":4},"end":{"line":33,"column":5}},"type":"if","locations":[{"start":{"line":31,"column":4},"end":{"line":33,"column":5}},{"start":{"line":31,"column":4},"end":{"line":33,"column":5}}],"line":31},"2":{"loc":{"start":{"line":48,"column":4},"end":{"line":52,"column":5}},"type":"if","locations":[{"start":{"line":48,"column":4},"end":{"line":52,"column":5}},{"start":{"line":48,"column":4},"end":{"line":52,"column":5}}],"line":48},"3":{"loc":{"start":{"line":69,"column":21},"end":{"line":69,"column":72}},"type":"cond-expr","locations":[{"start":{"line":69,"column":42},"end":{"line":69,"column":52}},{"start":{"line":69,"column":55},"end":{"line":69,"column":72}}],"line":69},"4":{"loc":{"start":{"line":80,"column":21},"end":{"line":80,"column":75}},"type":"cond-expr","locations":[{"start":{"line":80,"column":45},"end":{"line":80,"column":55}},{"start":{"line":80,"column":58},"end":{"line":80,"column":75}}],"line":80},"5":{"loc":{"start":{"line":91,"column":21},"end":{"line":91,"column":69}},"type":"cond-expr","locations":[{"start":{"line":91,"column":39},"end":{"line":91,"column":49}},{"start":{"line":91,"column":52},"end":{"line":91,"column":69}}],"line":91},"6":{"loc":{"start":{"line":102,"column":21},"end":{"line":102,"column":65}},"type":"cond-expr","locations":[{"start":{"line":102,"column":35},"end":{"line":102,"column":45}},{"start":{"line":102,"column":48},"end":{"line":102,"column":65}}],"line":102},"7":{"loc":{"start":{"line":113,"column":21},"end":{"line":113,"column":69}},"type":"cond-expr","locations":[{"start":{"line":113,"column":39},"end":{"line":113,"column":49}},{"start":{"line":113,"column":52},"end":{"line":113,"column":69}}],"line":113},"8":{"loc":{"start":{"line":124,"column":21},"end":{"line":124,"column":75}},"type":"cond-expr","locations":[{"start":{"line":124,"column":45},"end":{"line":124,"column":55}},{"start":{"line":124,"column":58},"end":{"line":124,"column":75}}],"line":124},"9":{"loc":{"start":{"line":128,"column":12},"end":{"line":133,"column":13}},"type":"if","locations":[{"start":{"line":128,"column":12},"end":{"line":133,"column":13}},{"start":{"line":128,"column":12},"end":{"line":133,"column":13}}],"line":128},"10":{"loc":{"start":{"line":144,"column":12},"end":{"line":147,"column":13}},"type":"if","locations":[{"start":{"line":144,"column":12},"end":{"line":147,"column":13}},{"start":{"line":144,"column":12},"end":{"line":147,"column":13}}],"line":144}},"s":{"0":56,"1":76,"2":76,"3":76,"4":76,"5":76,"6":76,"7":76,"8":76,"9":76,"10":144,"11":144,"12":68,"13":76,"14":0,"15":76,"16":456,"17":76,"18":76,"19":0,"20":0,"21":0,"22":76,"23":0,"24":0,"25":0,"26":0,"27":0,"28":76,"29":0,"30":0,"31":0,"32":0,"33":0,"34":0,"35":0,"36":0,"37":0,"38":0,"39":0,"40":0,"41":0,"42":0,"43":0,"44":0,"45":0,"46":0,"47":0,"48":0,"49":0,"50":0,"51":0,"52":0,"53":0},"f":{"0":76,"1":144,"2":456,"3":0,"4":0,"5":0,"6":0,"7":0,"8":0,"9":0,"10":0,"11":0,"12":0},"b":{"0":[68,76],"1":[0,76],"2":[0,0],"3":[0,76],"4":[0,76],"5":[0,76],"6":[0,76],"7":[76,0],"8":[0,76],"9":[0,0],"10":[0,0]},"_coverageSchema":"1a1c01bbd47fc00a2c39e90264f33305004495a9","hash":"249e9d15d58bb66831d0d38e141e921a0a10bc7d"}
,"/Users/jenniferyacoubian/turing_work/4mod/discoverit/DiscoverIt-2208-FE/src/Components/NavBar/NavBar.js": {"path":"/Users/jenniferyacoubian/turing_work/4mod/discoverit/DiscoverIt-2208-FE/src/Components/NavBar/NavBar.js","statementMap":{"0":{"start":{"line":5,"column":15},"end":{"line":41,"column":1}},"1":{"start":{"line":6,"column":2},"end":{"line":40,"column":4}}},"fnMap":{"0":{"name":"(anonymous_0)","decl":{"start":{"line":5,"column":15},"end":{"line":5,"column":16}},"loc":{"start":{"line":5,"column":21},"end":{"line":41,"column":1}},"line":5}},"branchMap":{},"s":{"0":56,"1":124},"f":{"0":124},"b":{},"_coverageSchema":"1a1c01bbd47fc00a2c39e90264f33305004495a9","hash":"b7d3cb43df4fda6e02ab69d7bf0f57e1dc247f1d"}
,"/Users/jenniferyacoubian/turing_work/4mod/discoverit/DiscoverIt-2208-FE/src/Components/PlaceCard/PlaceCard.js": {"path":"/Users/jenniferyacoubian/turing_work/4mod/discoverit/DiscoverIt-2208-FE/src/Components/PlaceCard/PlaceCard.js","statementMap":{"0":{"start":{"line":6,"column":18},"end":{"line":19,"column":1}},"1":{"start":{"line":7,"column":2},"end":{"line":18,"column":4}}},"fnMap":{"0":{"name":"(anonymous_0)","decl":{"start":{"line":6,"column":18},"end":{"line":6,"column":19}},"loc":{"start":{"line":6,"column":39},"end":{"line":19,"column":1}},"line":6}},"branchMap":{},"s":{"0":56,"1":456},"f":{"0":456},"b":{},"_coverageSchema":"1a1c01bbd47fc00a2c39e90264f33305004495a9","hash":"7d0809f0755c1326ff0e13e5b89f81b6d363b5db"}
,"/Users/jenniferyacoubian/turing_work/4mod/discoverit/DiscoverIt-2208-FE/src/Components/PlaceDetails/PlaceDetails.js": {"path":"/Users/jenniferyacoubian/turing_work/4mod/discoverit/DiscoverIt-2208-FE/src/Components/PlaceDetails/PlaceDetails.js","statementMap":{"0":{"start":{"line":10,"column":21},"end":{"line":101,"column":1}},"1":{"start":{"line":11,"column":17},"end":{"line":11,"column":28}},"2":{"start":{"line":13,"column":23},"end":{"line":53,"column":3}},"3":{"start":{"line":14,"column":37},"end":{"line":18,"column":6}},"4":{"start":{"line":19,"column":4},"end":{"line":19,"column":44}},"5":{"start":{"line":19,"column":17},"end":{"line":19,"column":44}},"6":{"start":{"line":20,"column":4},"end":{"line":20,"column":52}},"7":{"start":{"line":20,"column":15},"end":{"line":20,"column":52}},"8":{"start":{"line":23,"column":6},"end":{"line":31,"column":7}},"9":{"start":{"line":32,"column":8},"end":{"line":32,"column":33}},"10":{"start":{"line":33,"column":8},"end":{"line":33,"column":33}},"11":{"start":{"line":34,"column":8},"end":{"line":34,"column":60}},"12":{"start":{"line":35,"column":4},"end":{"line":52,"column":6}},"13":{"start":{"line":55,"column":29},"end":{"line":88,"column":3}},"14":{"start":{"line":56,"column":59},"end":{"line":71,"column":5}},"15":{"start":{"line":73,"column":4},"end":{"line":73,"column":46}},"16":{"start":{"line":73,"column":17},"end":{"line":73,"column":46}},"17":{"start":{"line":74,"column":4},"end":{"line":74,"column":65}},"18":{"start":{"line":74,"column":15},"end":{"line":74,"column":65}},"19":{"start":{"line":75,"column":4},"end":{"line":75,"column":32}},"20":{"start":{"line":75,"column":14},"end":{"line":75,"column":32}},"21":{"start":{"line":77,"column":4},"end":{"line":87,"column":6}},"22":{"start":{"line":81,"column":10},"end":{"line":81,"column":29}},"23":{"start":{"line":82,"column":10},"end":{"line":82,"column":31}},"24":{"start":{"line":90,"column":2},"end":{"line":100,"column":4}}},"fnMap":{"0":{"name":"(anonymous_0)","decl":{"start":{"line":10,"column":21},"end":{"line":10,"column":22}},"loc":{"start":{"line":10,"column":35},"end":{"line":101,"column":1}},"line":10},"1":{"name":"(anonymous_1)","decl":{"start":{"line":13,"column":23},"end":{"line":13,"column":24}},"loc":{"start":{"line":13,"column":29},"end":{"line":53,"column":3}},"line":13},"2":{"name":"(anonymous_2)","decl":{"start":{"line":55,"column":29},"end":{"line":55,"column":30}},"loc":{"start":{"line":55,"column":50},"end":{"line":88,"column":3}},"line":55},"3":{"name":"(anonymous_3)","decl":{"start":{"line":80,"column":17},"end":{"line":80,"column":18}},"loc":{"start":{"line":80,"column":24},"end":{"line":83,"column":9}},"line":80}},"branchMap":{"0":{"loc":{"start":{"line":19,"column":4},"end":{"line":19,"column":44}},"type":"if","locations":[{"start":{"line":19,"column":4},"end":{"line":19,"column":44}},{"start":{"line":19,"column":4},"end":{"line":19,"column":44}}],"line":19},"1":{"loc":{"start":{"line":20,"column":4},"end":{"line":20,"column":52}},"type":"if","locations":[{"start":{"line":20,"column":4},"end":{"line":20,"column":52}},{"start":{"line":20,"column":4},"end":{"line":20,"column":52}}],"line":20},"2":{"loc":{"start":{"line":23,"column":6},"end":{"line":31,"column":7}},"type":"cond-expr","locations":[{"start":{"line":24,"column":8},"end":{"line":24,"column":66}},{"start":{"line":26,"column":8},"end":{"line":30,"column":10}}],"line":23},"3":{"loc":{"start":{"line":73,"column":4},"end":{"line":73,"column":46}},"type":"if","locations":[{"start":{"line":73,"column":4},"end":{"line":73,"column":46}},{"start":{"line":73,"column":4},"end":{"line":73,"column":46}}],"line":73},"4":{"loc":{"start":{"line":74,"column":4},"end":{"line":74,"column":65}},"type":"if","locations":[{"start":{"line":74,"column":4},"end":{"line":74,"column":65}},{"start":{"line":74,"column":4},"end":{"line":74,"column":65}}],"line":74},"5":{"loc":{"start":{"line":75,"column":4},"end":{"line":75,"column":32}},"type":"if","locations":[{"start":{"line":75,"column":4},"end":{"line":75,"column":32}},{"start":{"line":75,"column":4},"end":{"line":75,"column":32}}],"line":75}},"s":{"0":56,"1":32,"2":32,"3":64,"4":64,"5":32,"6":32,"7":0,"8":32,"9":32,"10":32,"11":32,"12":32,"13":32,"14":44,"15":44,"16":8,"17":44,"18":0,"19":44,"20":4,"21":44,"22":4,"23":4,"24":32},"f":{"0":32,"1":64,"2":44,"3":4},"b":{"0":[32,32],"1":[0,32],"2":[32,0],"3":[8,36],"4":[0,44],"5":[4,40]},"_coverageSchema":"1a1c01bbd47fc00a2c39e90264f33305004495a9","hash":"b5f6437c304b23e157d0c67e7d42d39800f01d58"}
,"/Users/jenniferyacoubian/turing_work/4mod/discoverit/DiscoverIt-2208-FE/src/Components/SavedDetails/SavedDetails.js": {"path":"/Users/jenniferyacoubian/turing_work/4mod/discoverit/DiscoverIt-2208-FE/src/Components/SavedDetails/SavedDetails.js","statementMap":{"0":{"start":{"line":10,"column":21},"end":{"line":93,"column":1}},"1":{"start":{"line":11,"column":17},"end":{"line":11,"column":28}},"2":{"start":{"line":13,"column":28},"end":{"line":51,"column":3}},"3":{"start":{"line":14,"column":37},"end":{"line":18,"column":6}},"4":{"start":{"line":19,"column":4},"end":{"line":19,"column":44}},"5":{"start":{"line":19,"column":17},"end":{"line":19,"column":44}},"6":{"start":{"line":20,"column":4},"end":{"line":20,"column":52}},"7":{"start":{"line":20,"column":15},"end":{"line":20,"column":52}},"8":{"start":{"line":23,"column":6},"end":{"line":31,"column":7}},"9":{"start":{"line":33,"column":4},"end":{"line":50,"column":6}},"10":{"start":{"line":53,"column":29},"end":{"line":80,"column":3}},"11":{"start":{"line":54,"column":53},"end":{"line":63,"column":5}},"12":{"start":{"line":65,"column":4},"end":{"line":65,"column":43}},"13":{"start":{"line":65,"column":17},"end":{"line":65,"column":43}},"14":{"start":{"line":66,"column":4},"end":{"line":66,"column":54}},"15":{"start":{"line":66,"column":15},"end":{"line":66,"column":54}},"16":{"start":{"line":68,"column":4},"end":{"line":79,"column":6}},"17":{"start":{"line":73,"column":12},"end":{"line":73,"column":33}},"18":{"start":{"line":82,"column":2},"end":{"line":92,"column":4}}},"fnMap":{"0":{"name":"(anonymous_0)","decl":{"start":{"line":10,"column":21},"end":{"line":10,"column":22}},"loc":{"start":{"line":10,"column":35},"end":{"line":93,"column":1}},"line":10},"1":{"name":"(anonymous_1)","decl":{"start":{"line":13,"column":28},"end":{"line":13,"column":29}},"loc":{"start":{"line":13,"column":34},"end":{"line":51,"column":3}},"line":13},"2":{"name":"(anonymous_2)","decl":{"start":{"line":53,"column":29},"end":{"line":53,"column":30}},"loc":{"start":{"line":53,"column":35},"end":{"line":80,"column":3}},"line":53},"3":{"name":"(anonymous_3)","decl":{"start":{"line":72,"column":19},"end":{"line":72,"column":20}},"loc":{"start":{"line":72,"column":25},"end":{"line":74,"column":11}},"line":72}},"branchMap":{"0":{"loc":{"start":{"line":19,"column":4},"end":{"line":19,"column":44}},"type":"if","locations":[{"start":{"line":19,"column":4},"end":{"line":19,"column":44}},{"start":{"line":19,"column":4},"end":{"line":19,"column":44}}],"line":19},"1":{"loc":{"start":{"line":20,"column":4},"end":{"line":20,"column":52}},"type":"if","locations":[{"start":{"line":20,"column":4},"end":{"line":20,"column":52}},{"start":{"line":20,"column":4},"end":{"line":20,"column":52}}],"line":20},"2":{"loc":{"start":{"line":23,"column":6},"end":{"line":31,"column":7}},"type":"cond-expr","locations":[{"start":{"line":24,"column":8},"end":{"line":24,"column":67}},{"start":{"line":26,"column":8},"end":{"line":30,"column":10}}],"line":23},"3":{"loc":{"start":{"line":65,"column":4},"end":{"line":65,"column":43}},"type":"if","locations":[{"start":{"line":65,"column":4},"end":{"line":65,"column":43}},{"start":{"line":65,"column":4},"end":{"line":65,"column":43}}],"line":65},"4":{"loc":{"start":{"line":66,"column":4},"end":{"line":66,"column":54}},"type":"if","locations":[{"start":{"line":66,"column":4},"end":{"line":66,"column":54}},{"start":{"line":66,"column":4},"end":{"line":66,"column":54}}],"line":66}},"s":{"0":56,"1":0,"2":0,"3":0,"4":0,"5":0,"6":0,"7":0,"8":0,"9":0,"10":0,"11":0,"12":0,"13":0,"14":0,"15":0,"16":0,"17":0,"18":0},"f":{"0":0,"1":0,"2":0,"3":0},"b":{"0":[0,0],"1":[0,0],"2":[0,0],"3":[0,0],"4":[0,0]},"_coverageSchema":"1a1c01bbd47fc00a2c39e90264f33305004495a9","hash":"51001cd26ebe41fdb008a6700ed76db58ff8dbc1"}
,"/Users/jenniferyacoubian/turing_work/4mod/discoverit/DiscoverIt-2208-FE/src/Components/SavedPlaces/SavedPlaces.js": {"path":"/Users/jenniferyacoubian/turing_work/4mod/discoverit/DiscoverIt-2208-FE/src/Components/SavedPlaces/SavedPlaces.js","statementMap":{"0":{"start":{"line":9,"column":20},"end":{"line":59,"column":1}},"1":{"start":{"line":10,"column":22},"end":{"line":49,"column":3}},"2":{"start":{"line":11,"column":37},"end":{"line":11,"column":55}},"3":{"start":{"line":13,"column":4},"end":{"line":13,"column":42}},"4":{"start":{"line":13,"column":17},"end":{"line":13,"column":42}},"5":{"start":{"line":14,"column":4},"end":{"line":14,"column":52}},"6":{"start":{"line":14,"column":15},"end":{"line":14,"column":52}},"7":{"start":{"line":16,"column":28},"end":{"line":22,"column":10}},"8":{"start":{"line":17,"column":6},"end":{"line":19,"column":7}},"9":{"start":{"line":18,"column":8},"end":{"line":18,"column":29}},"10":{"start":{"line":20,"column":6},"end":{"line":20,"column":34}},"11":{"start":{"line":21,"column":6},"end":{"line":21,"column":17}},"12":{"start":{"line":24,"column":19},"end":{"line":24,"column":47}},"13":{"start":{"line":25,"column":25},"end":{"line":47,"column":6}},"14":{"start":{"line":26,"column":6},"end":{"line":26,"column":22}},"15":{"start":{"line":27,"column":21},"end":{"line":40,"column":8}},"16":{"start":{"line":28,"column":8},"end":{"line":39,"column":10}},"17":{"start":{"line":41,"column":6},"end":{"line":46,"column":8}},"18":{"start":{"line":48,"column":4},"end":{"line":48,"column":24}},"19":{"start":{"line":50,"column":2},"end":{"line":58,"column":4}}},"fnMap":{"0":{"name":"(anonymous_0)","decl":{"start":{"line":9,"column":20},"end":{"line":9,"column":21}},"loc":{"start":{"line":9,"column":34},"end":{"line":59,"column":1}},"line":9},"1":{"name":"(anonymous_1)","decl":{"start":{"line":10,"column":22},"end":{"line":10,"column":23}},"loc":{"start":{"line":10,"column":28},"end":{"line":49,"column":3}},"line":10},"2":{"name":"(anonymous_2)","decl":{"start":{"line":16,"column":55},"end":{"line":16,"column":56}},"loc":{"start":{"line":16,"column":71},"end":{"line":22,"column":5}},"line":16},"3":{"name":"(anonymous_3)","decl":{"start":{"line":25,"column":36},"end":{"line":25,"column":37}},"loc":{"start":{"line":25,"column":46},"end":{"line":47,"column":5}},"line":25},"4":{"name":"(anonymous_4)","decl":{"start":{"line":27,"column":47},"end":{"line":27,"column":48}},"loc":{"start":{"line":27,"column":58},"end":{"line":40,"column":7}},"line":27}},"branchMap":{"0":{"loc":{"start":{"line":13,"column":4},"end":{"line":13,"column":42}},"type":"if","locations":[{"start":{"line":13,"column":4},"end":{"line":13,"column":42}},{"start":{"line":13,"column":4},"end":{"line":13,"column":42}}],"line":13},"1":{"loc":{"start":{"line":14,"column":4},"end":{"line":14,"column":52}},"type":"if","locations":[{"start":{"line":14,"column":4},"end":{"line":14,"column":52}},{"start":{"line":14,"column":4},"end":{"line":14,"column":52}}],"line":14},"2":{"loc":{"start":{"line":17,"column":6},"end":{"line":19,"column":7}},"type":"if","locations":[{"start":{"line":17,"column":6},"end":{"line":19,"column":7}},{"start":{"line":17,"column":6},"end":{"line":19,"column":7}}],"line":17}},"s":{"0":56,"1":16,"2":16,"3":16,"4":16,"5":0,"6":0,"7":0,"8":0,"9":0,"10":0,"11":0,"12":0,"13":0,"14":0,"15":0,"16":0,"17":0,"18":0,"19":16},"f":{"0":16,"1":16,"2":0,"3":0,"4":0},"b":{"0":[16,0],"1":[0,0],"2":[0,0]},"_coverageSchema":"1a1c01bbd47fc00a2c39e90264f33305004495a9","hash":"8cbf891f7d02eaf5af6e965f5e9bc13e8cac6b6b"}
,"/Users/jenniferyacoubian/turing_work/4mod/discoverit/DiscoverIt-2208-FE/src/Components/SearchBar/SearchBar.js": {"path":"/Users/jenniferyacoubian/turing_work/4mod/discoverit/DiscoverIt-2208-FE/src/Components/SearchBar/SearchBar.js","statementMap":{"0":{"start":{"line":4,"column":18},"end":{"line":70,"column":1}},"1":{"start":{"line":5,"column":40},"end":{"line":5,"column":52}},"2":{"start":{"line":6,"column":40},"end":{"line":6,"column":52}},"3":{"start":{"line":7,"column":40},"end":{"line":7,"column":70}},"4":{"start":{"line":9,"column":2},"end":{"line":33,"column":26}},"5":{"start":{"line":10,"column":26},"end":{"line":24,"column":5}},"6":{"start":{"line":11,"column":6},"end":{"line":23,"column":7}},"7":{"start":{"line":12,"column":31},"end":{"line":14,"column":9}},"8":{"start":{"line":15,"column":7},"end":{"line":22,"column":56}},"9":{"start":{"line":18,"column":29},"end":{"line":18,"column":44}},"10":{"start":{"line":20,"column":12},"end":{"line":20,"column":43}},"11":{"start":{"line":22,"column":28},"end":{"line":22,"column":55}},"12":{"start":{"line":26,"column":4},"end":{"line":26,"column":20}},"13":{"start":{"line":27,"column":4},"end":{"line":29,"column":5}},"14":{"start":{"line":28,"column":6},"end":{"line":28,"column":25}},"15":{"start":{"line":30,"column":4},"end":{"line":32,"column":5}},"16":{"start":{"line":31,"column":6},"end":{"line":31,"column":43}},"17":{"start":{"line":35,"column":23},"end":{"line":38,"column":3}},"18":{"start":{"line":36,"column":4},"end":{"line":36,"column":23}},"19":{"start":{"line":37,"column":4},"end":{"line":37,"column":35}},"20":{"start":{"line":40,"column":22},"end":{"line":45,"column":3}},"21":{"start":{"line":41,"column":4},"end":{"line":41,"column":23}},"22":{"start":{"line":42,"column":4},"end":{"line":42,"column":38}},"23":{"start":{"line":43,"column":4},"end":{"line":43,"column":23}},"24":{"start":{"line":44,"column":4},"end":{"line":44,"column":23}},"25":{"start":{"line":47,"column":20},"end":{"line":53,"column":4}},"26":{"start":{"line":48,"column":4},"end":{"line":52,"column":6}},"27":{"start":{"line":55,"column":2},"end":{"line":69,"column":4}}},"fnMap":{"0":{"name":"(anonymous_0)","decl":{"start":{"line":4,"column":18},"end":{"line":4,"column":19}},"loc":{"start":{"line":4,"column":41},"end":{"line":70,"column":1}},"line":4},"1":{"name":"(anonymous_1)","decl":{"start":{"line":9,"column":12},"end":{"line":9,"column":13}},"loc":{"start":{"line":9,"column":18},"end":{"line":33,"column":3}},"line":9},"2":{"name":"(anonymous_2)","decl":{"start":{"line":10,"column":26},"end":{"line":10,"column":27}},"loc":{"start":{"line":10,"column":38},"end":{"line":24,"column":5}},"line":10},"3":{"name":"(anonymous_3)","decl":{"start":{"line":18,"column":15},"end":{"line":18,"column":16}},"loc":{"start":{"line":18,"column":29},"end":{"line":18,"column":44}},"line":18},"4":{"name":"(anonymous_4)","decl":{"start":{"line":19,"column":16},"end":{"line":19,"column":17}},"loc":{"start":{"line":19,"column":28},"end":{"line":21,"column":11}},"line":19},"5":{"name":"(anonymous_5)","decl":{"start":{"line":22,"column":17},"end":{"line":22,"column":18}},"loc":{"start":{"line":22,"column":28},"end":{"line":22,"column":55}},"line":22},"6":{"name":"(anonymous_6)","decl":{"start":{"line":35,"column":23},"end":{"line":35,"column":24}},"loc":{"start":{"line":35,"column":30},"end":{"line":38,"column":3}},"line":35},"7":{"name":"(anonymous_7)","decl":{"start":{"line":40,"column":22},"end":{"line":40,"column":23}},"loc":{"start":{"line":40,"column":29},"end":{"line":45,"column":3}},"line":40},"8":{"name":"(anonymous_8)","decl":{"start":{"line":47,"column":36},"end":{"line":47,"column":37}},"loc":{"start":{"line":47,"column":54},"end":{"line":53,"column":3}},"line":47}},"branchMap":{"0":{"loc":{"start":{"line":11,"column":6},"end":{"line":23,"column":7}},"type":"if","locations":[{"start":{"line":11,"column":6},"end":{"line":23,"column":7}},{"start":{"line":11,"column":6},"end":{"line":23,"column":7}}],"line":11},"1":{"loc":{"start":{"line":27,"column":4},"end":{"line":29,"column":5}},"type":"if","locations":[{"start":{"line":27,"column":4},"end":{"line":29,"column":5}},{"start":{"line":27,"column":4},"end":{"line":29,"column":5}}],"line":27},"2":{"loc":{"start":{"line":30,"column":4},"end":{"line":32,"column":5}},"type":"if","locations":[{"start":{"line":30,"column":4},"end":{"line":32,"column":5}},{"start":{"line":30,"column":4},"end":{"line":32,"column":5}}],"line":30}},"s":{"0":56,"1":872,"2":872,"3":872,"4":872,"5":250,"6":250,"7":116,"8":116,"9":116,"10":36,"11":80,"12":250,"13":250,"14":134,"15":250,"16":38,"17":872,"18":232,"19":232,"20":872,"21":34,"22":34,"23":34,"24":34,"25":872,"26":720,"27":872},"f":{"0":872,"1":250,"2":250,"3":116,"4":36,"5":80,"6":232,"7":34,"8":720},"b":{"0":[116,134],"1":[134,116],"2":[38,212]},"_coverageSchema":"1a1c01bbd47fc00a2c39e90264f33305004495a9","hash":"8f4d82c961c114bfd0ff0efa47ed77f1e86edcb4"}
,"/Users/jenniferyacoubian/turing_work/4mod/discoverit/DiscoverIt-2208-FE/src/Components/SearchPage/SearchPage.js": {"path":"/Users/jenniferyacoubian/turing_work/4mod/discoverit/DiscoverIt-2208-FE/src/Components/SearchPage/SearchPage.js","statementMap":{"0":{"start":{"line":7,"column":19},"end":{"line":25,"column":1}},"1":{"start":{"line":8,"column":19},"end":{"line":8,"column":36}},"2":{"start":{"line":10,"column":4},"end":{"line":14,"column":12}},"3":{"start":{"line":16,"column":2},"end":{"line":24,"column":4}}},"fnMap":{"0":{"name":"(anonymous_0)","decl":{"start":{"line":7,"column":19},"end":{"line":7,"column":20}},"loc":{"start":{"line":7,"column":42},"end":{"line":25,"column":1}},"line":7}},"branchMap":{"0":{"loc":{"start":{"line":10,"column":4},"end":{"line":14,"column":12}},"type":"cond-expr","locations":[{"start":{"line":11,"column":6},"end":{"line":13,"column":13}},{"start":{"line":14,"column":8},"end":{"line":14,"column":12}}],"line":10}},"s":{"0":56,"1":168,"2":168,"3":168},"f":{"0":168},"b":{"0":[72,96]},"_coverageSchema":"1a1c01bbd47fc00a2c39e90264f33305004495a9","hash":"b1a75b1a05b1b1e585902ce3d0653c30b5fb4033"}
,"/Users/jenniferyacoubian/turing_work/4mod/discoverit/DiscoverIt-2208-FE/src/Components/SplashPage/SplashPage.js": {"path":"/Users/jenniferyacoubian/turing_work/4mod/discoverit/DiscoverIt-2208-FE/src/Components/SplashPage/SplashPage.js","statementMap":{"0":{"start":{"line":7,"column":19},"end":{"line":25,"column":1}},"1":{"start":{"line":8,"column":2},"end":{"line":24,"column":4}}},"fnMap":{"0":{"name":"(anonymous_0)","decl":{"start":{"line":7,"column":19},"end":{"line":7,"column":20}},"loc":{"start":{"line":7,"column":25},"end":{"line":25,"column":1}},"line":7}},"branchMap":{},"s":{"0":56,"1":16},"f":{"0":16},"b":{},"_coverageSchema":"1a1c01bbd47fc00a2c39e90264f33305004495a9","hash":"ffcc0be28fc7997a3e47854fed41afd4f9ee5982"}
}
