{"total": {"lines":{"total":159,"covered":97,"skipped":0,"pct":61},"statements":{"total":170,"covered":101,"skipped":0,"pct":59.41},"functions":{"total":41,"covered":23,"skipped":0,"pct":56.09},"branches":{"total":58,"covered":27,"skipped":0,"pct":46.55},"branchesTrue":{"total":0,"covered":0,"skipped":0,"pct":100}}
,"/Users/jenniferyacoubian/turing_work/4mod/discoverit/DiscoverIt-2208-FE/src/index.js": {"lines":{"total":4,"covered":4,"skipped":0,"pct":100},"functions":{"total":0,"covered":0,"skipped":0,"pct":100},"statements":{"total":4,"covered":4,"skipped":0,"pct":100},"branches":{"total":0,"covered":0,"skipped":0,"pct":100}}
,"/Users/jenniferyacoubian/turing_work/4mod/discoverit/DiscoverIt-2208-FE/src/setupTests.js": {"lines":{"total":0,"covered":0,"skipped":0,"pct":0},"functions":{"total":0,"covered":0,"skipped":0,"pct":0},"statements":{"total":0,"covered":0,"skipped":0,"pct":0},"branches":{"total":0,"covered":0,"skipped":0,"pct":0}}
,"/Users/jenniferyacoubian/turing_work/4mod/discoverit/DiscoverIt-2208-FE/src/Components/Queries.js": {"lines":{"total":5,"covered":5,"skipped":0,"pct":100},"functions":{"total":0,"covered":0,"skipped":0,"pct":100},"statements":{"total":5,"covered":5,"skipped":0,"pct":100},"branches":{"total":0,"covered":0,"skipped":0,"pct":100}}
,"/Users/jenniferyacoubian/turing_work/4mod/discoverit/DiscoverIt-2208-FE/src/Components/App/App.js": {"lines":{"total":3,"covered":3,"skipped":0,"pct":100},"functions":{"total":1,"covered":1,"skipped":0,"pct":100},"statements":{"total":3,"covered":3,"skipped":0,"pct":100},"branches":{"total":0,"covered":0,"skipped":0,"pct":100}}
,"/Users/jenniferyacoubian/turing_work/4mod/discoverit/DiscoverIt-2208-FE/src/Components/BadURL/BadURL.js": {"lines":{"total":2,"covered":1,"skipped":0,"pct":50},"functions":{"total":1,"covered":0,"skipped":0,"pct":0},"statements":{"total":2,"covered":1,"skipped":0,"pct":50},"branches":{"total":0,"covered":0,"skipped":0,"pct":100}}
,"/Users/jenniferyacoubian/turing_work/4mod/discoverit/DiscoverIt-2208-FE/src/Components/Dashboard/Dashboard.js": {"lines":{"total":54,"covered":20,"skipped":0,"pct":37.03},"functions":{"total":13,"covered":3,"skipped":0,"pct":23.07},"statements":{"total":54,"covered":20,"skipped":0,"pct":37.03},"branches":{"total":22,"covered":9,"skipped":0,"pct":40.9}}
,"/Users/jenniferyacoubian/turing_work/4mod/discoverit/DiscoverIt-2208-FE/src/Components/NavBar/NavBar.js": {"lines":{"total":2,"covered":2,"skipped":0,"pct":100},"functions":{"total":1,"covered":1,"skipped":0,"pct":100},"statements":{"total":2,"covered":2,"skipped":0,"pct":100},"branches":{"total":0,"covered":0,"skipped":0,"pct":100}}
,"/Users/jenniferyacoubian/turing_work/4mod/discoverit/DiscoverIt-2208-FE/src/Components/PlaceCard/PlaceCard.js": {"lines":{"total":2,"covered":2,"skipped":0,"pct":100},"functions":{"total":1,"covered":1,"skipped":0,"pct":100},"statements":{"total":2,"covered":2,"skipped":0,"pct":100},"branches":{"total":0,"covered":0,"skipped":0,"pct":100}}
,"/Users/jenniferyacoubian/turing_work/4mod/discoverit/DiscoverIt-2208-FE/src/Components/PlaceDetails/PlaceDetails.js": {"lines":{"total":20,"covered":20,"skipped":0,"pct":100},"functions":{"total":4,"covered":4,"skipped":0,"pct":100},"statements":{"total":25,"covered":23,"skipped":0,"pct":92},"branches":{"total":12,"covered":9,"skipped":0,"pct":75}}
,"/Users/jenniferyacoubian/turing_work/4mod/discoverit/DiscoverIt-2208-FE/src/Components/SavedDetails/SavedDetails.js": {"lines":{"total":15,"covered":1,"skipped":0,"pct":6.66},"functions":{"total":4,"covered":0,"skipped":0,"pct":0},"statements":{"total":19,"covered":1,"skipped":0,"pct":5.26},"branches":{"total":10,"covered":0,"skipped":0,"pct":0}}
,"/Users/jenniferyacoubian/turing_work/4mod/discoverit/DiscoverIt-2208-FE/src/Components/SavedPlaces/SavedPlaces.js": {"lines":{"total":18,"covered":5,"skipped":0,"pct":27.77},"functions":{"total":5,"covered":2,"skipped":0,"pct":40},"statements":{"total":20,"covered":6,"skipped":0,"pct":30},"branches":{"total":6,"covered":1,"skipped":0,"pct":16.66}}
,"/Users/jenniferyacoubian/turing_work/4mod/discoverit/DiscoverIt-2208-FE/src/Components/SearchBar/SearchBar.js": {"lines":{"total":28,"covered":28,"skipped":0,"pct":100},"functions":{"total":9,"covered":9,"skipped":0,"pct":100},"statements":{"total":28,"covered":28,"skipped":0,"pct":100},"branches":{"total":6,"covered":6,"skipped":0,"pct":100}}
,"/Users/jenniferyacoubian/turing_work/4mod/discoverit/DiscoverIt-2208-FE/src/Components/SearchPage/SearchPage.js": {"lines":{"total":4,"covered":4,"skipped":0,"pct":100},"functions":{"total":1,"covered":1,"skipped":0,"pct":100},"statements":{"total":4,"covered":4,"skipped":0,"pct":100},"branches":{"total":2,"covered":2,"skipped":0,"pct":100}}
,"/Users/jenniferyacoubian/turing_work/4mod/discoverit/DiscoverIt-2208-FE/src/Components/SplashPage/SplashPage.js": {"lines":{"total":2,"covered":2,"skipped":0,"pct":100},"functions":{"total":1,"covered":1,"skipped":0,"pct":100},"statements":{"total":2,"covered":2,"skipped":0,"pct":100},"branches":{"total":0,"covered":0,"skipped":0,"pct":100}}
}
