TN:
SF:src/index.js
FNF:0
FNH:0
DA:9,56
DA:14,56
DA:15,56
DA:24,56
LF:4
LH:4
BRF:0
BRH:0
end_of_record
TN:
SF:src/setupTests.js
FNF:0
FNH:0
LF:0
LH:0
BRF:0
BRH:0
end_of_record
TN:
SF:src/Components/Queries.js
FNF:0
FNH:0
DA:3,56
DA:15,56
DA:44,56
DA:67,56
DA:86,56
LF:5
LH:5
BRF:0
BRH:0
end_of_record
TN:
SF:src/Components/App/App.js
FN:12,(anonymous_0)
FNF:1
FNH:1
FNDA:180,(anonymous_0)
DA:12,56
DA:13,180
DA:15,180
LF:3
LH:3
BRF:0
BRH:0
end_of_record
TN:
SF:src/Components/BadURL/BadURL.js
FN:5,(anonymous_0)
FNF:1
FNH:0
FNDA:0,(anonymous_0)
DA:5,56
DA:6,0
LF:2
LH:1
BRF:0
BRH:0
end_of_record
TN:
SF:src/Components/Dashboard/Dashboard.js
FN:8,(anonymous_0)
FN:18,(anonymous_1)
FN:35,(anonymous_2)
FN:47,(anonymous_3)
FN:55,(anonymous_4)
FN:71,(anonymous_5)
FN:82,(anonymous_6)
FN:93,(anonymous_7)
FN:104,(anonymous_8)
FN:115,(anonymous_9)
FN:126,(anonymous_10)
FN:143,(anonymous_11)
FN:154,(anonymous_12)
FNF:13
FNH:3
FNDA:76,(anonymous_0)
FNDA:144,(anonymous_1)
FNDA:456,(anonymous_2)
FNDA:0,(anonymous_3)
FNDA:0,(anonymous_4)
FNDA:0,(anonymous_5)
FNDA:0,(anonymous_6)
FNDA:0,(anonymous_7)
FNDA:0,(anonymous_8)
FNDA:0,(anonymous_9)
FNDA:0,(anonymous_10)
FNDA:0,(anonymous_11)
FNDA:0,(anonymous_12)
DA:8,56
DA:9,76
DA:10,76
DA:11,76
DA:12,76
DA:13,76
DA:14,76
DA:15,76
DA:16,76
DA:18,76
DA:19,144
DA:28,144
DA:29,68
DA:31,76
DA:32,0
DA:35,76
DA:36,456
DA:44,76
DA:47,76
DA:48,0
DA:49,0
DA:51,0
DA:55,76
DA:56,0
DA:57,0
DA:58,0
DA:59,0
DA:60,0
DA:63,76
DA:72,0
DA:73,0
DA:74,0
DA:83,0
DA:84,0
DA:85,0
DA:94,0
DA:95,0
DA:96,0
DA:105,0
DA:106,0
DA:107,0
DA:116,0
DA:117,0
DA:118,0
DA:127,0
DA:128,0
DA:129,0
DA:130,0
DA:132,0
DA:144,0
DA:145,0
DA:146,0
DA:155,0
DA:156,0
LF:54
LH:20
BRDA:28,0,0,68
BRDA:28,0,1,76
BRDA:31,1,0,0
BRDA:31,1,1,76
BRDA:48,2,0,0
BRDA:48,2,1,0
BRDA:69,3,0,0
BRDA:69,3,1,76
BRDA:80,4,0,0
BRDA:80,4,1,76
BRDA:91,5,0,0
BRDA:91,5,1,76
BRDA:102,6,0,0
BRDA:102,6,1,76
BRDA:113,7,0,76
BRDA:113,7,1,0
BRDA:124,8,0,0
BRDA:124,8,1,76
BRDA:128,9,0,0
BRDA:128,9,1,0
BRDA:144,10,0,0
BRDA:144,10,1,0
BRF:22
BRH:9
end_of_record
TN:
SF:src/Components/NavBar/NavBar.js
FN:5,(anonymous_0)
FNF:1
FNH:1
FNDA:124,(anonymous_0)
DA:5,56
DA:6,124
LF:2
LH:2
BRF:0
BRH:0
end_of_record
TN:
SF:src/Components/PlaceCard/PlaceCard.js
FN:6,(anonymous_0)
FNF:1
FNH:1
FNDA:456,(anonymous_0)
DA:6,56
DA:7,456
LF:2
LH:2
BRF:0
BRH:0
end_of_record
TN:
SF:src/Components/PlaceDetails/PlaceDetails.js
FN:10,(anonymous_0)
FN:13,(anonymous_1)
FN:55,(anonymous_2)
FN:80,(anonymous_3)
FNF:4
FNH:4
FNDA:32,(anonymous_0)
FNDA:64,(anonymous_1)
FNDA:44,(anonymous_2)
FNDA:4,(anonymous_3)
DA:10,56
DA:11,32
DA:13,32
DA:14,64
DA:19,64
DA:20,32
DA:23,32
DA:32,32
DA:33,32
DA:34,32
DA:35,32
DA:55,32
DA:56,44
DA:73,44
DA:74,44
DA:75,44
DA:77,44
DA:81,4
DA:82,4
DA:90,32
LF:20
LH:20
BRDA:19,0,0,32
BRDA:19,0,1,32
BRDA:20,1,0,0
BRDA:20,1,1,32
BRDA:23,2,0,32
BRDA:23,2,1,0
BRDA:73,3,0,8
BRDA:73,3,1,36
BRDA:74,4,0,0
BRDA:74,4,1,44
BRDA:75,5,0,4
BRDA:75,5,1,40
BRF:12
BRH:9
end_of_record
TN:
SF:src/Components/SavedDetails/SavedDetails.js
FN:10,(anonymous_0)
FN:13,(anonymous_1)
FN:53,(anonymous_2)
FN:72,(anonymous_3)
FNF:4
FNH:0
FNDA:0,(anonymous_0)
FNDA:0,(anonymous_1)
FNDA:0,(anonymous_2)
FNDA:0,(anonymous_3)
DA:10,56
DA:11,0
DA:13,0
DA:14,0
DA:19,0
DA:20,0
DA:23,0
DA:33,0
DA:53,0
DA:54,0
DA:65,0
DA:66,0
DA:68,0
DA:73,0
DA:82,0
LF:15
LH:1
BRDA:19,0,0,0
BRDA:19,0,1,0
BRDA:20,1,0,0
BRDA:20,1,1,0
BRDA:23,2,0,0
BRDA:23,2,1,0
BRDA:65,3,0,0
BRDA:65,3,1,0
BRDA:66,4,0,0
BRDA:66,4,1,0
BRF:10
BRH:0
end_of_record
TN:
SF:src/Components/SavedPlaces/SavedPlaces.js
FN:9,(anonymous_0)
FN:10,(anonymous_1)
FN:16,(anonymous_2)
FN:25,(anonymous_3)
FN:27,(anonymous_4)
FNF:5
FNH:2
FNDA:16,(anonymous_0)
FNDA:16,(anonymous_1)
FNDA:0,(anonymous_2)
FNDA:0,(anonymous_3)
FNDA:0,(anonymous_4)
DA:9,56
DA:10,16
DA:11,16
DA:13,16
DA:14,0
DA:16,0
DA:17,0
DA:18,0
DA:20,0
DA:21,0
DA:24,0
DA:25,0
DA:26,0
DA:27,0
DA:28,0
DA:41,0
DA:48,0
DA:50,16
LF:18
LH:5
BRDA:13,0,0,16
BRDA:13,0,1,0
BRDA:14,1,0,0
BRDA:14,1,1,0
BRDA:17,2,0,0
BRDA:17,2,1,0
BRF:6
BRH:1
end_of_record
TN:
SF:src/Components/SearchBar/SearchBar.js
FN:4,(anonymous_0)
FN:9,(anonymous_1)
FN:10,(anonymous_2)
FN:18,(anonymous_3)
FN:19,(anonymous_4)
FN:22,(anonymous_5)
FN:35,(anonymous_6)
FN:40,(anonymous_7)
FN:47,(anonymous_8)
FNF:9
FNH:9
FNDA:872,(anonymous_0)
FNDA:250,(anonymous_1)
FNDA:250,(anonymous_2)
FNDA:116,(anonymous_3)
FNDA:36,(anonymous_4)
FNDA:80,(anonymous_5)
FNDA:232,(anonymous_6)
FNDA:34,(anonymous_7)
FNDA:720,(anonymous_8)
DA:4,56
DA:5,872
DA:6,872
DA:7,872
DA:9,872
DA:10,250
DA:11,250
DA:12,116
DA:15,116
DA:18,116
DA:20,36
DA:22,80
DA:26,250
DA:27,250
DA:28,134
DA:30,250
DA:31,38
DA:35,872
DA:36,232
DA:37,232
DA:40,872
DA:41,34
DA:42,34
DA:43,34
DA:44,34
DA:47,872
DA:48,720
DA:55,872
LF:28
LH:28
BRDA:11,0,0,116
BRDA:11,0,1,134
BRDA:27,1,0,134
BRDA:27,1,1,116
BRDA:30,2,0,38
BRDA:30,2,1,212
BRF:6
BRH:6
end_of_record
TN:
SF:src/Components/SearchPage/SearchPage.js
FN:7,(anonymous_0)
FNF:1
FNH:1
FNDA:168,(anonymous_0)
DA:7,56
DA:8,168
DA:10,168
DA:16,168
LF:4
LH:4
BRDA:10,0,0,72
BRDA:10,0,1,96
BRF:2
BRH:2
end_of_record
TN:
SF:src/Components/SplashPage/SplashPage.js
FN:7,(anonymous_0)
FNF:1
FNH:1
FNDA:16,(anonymous_0)
DA:7,56
DA:8,16
LF:2
LH:2
BRF:0
BRH:0
end_of_record
